<?xml version="1.0" encoding="UTF-8"?>
<!-- Generated by org.testng.reporters.JUnitReportReporter -->
<testsuite hostname="DESKTOP-7EJ77M7" failures="0" tests="4" name="testng.TestAritmatika" time="0.023" errors="0" timestamp="2022-09-02T21:53:25 WIB" skipped="0">
  <testcase classname="testng.TestAritmatika" name="testPembagianAritmatika" time="0.004"/>
  <system-out/>
  <testcase classname="testng.TestAritmatika" name="testModulusAritmatika" time="0.013"/>
  <system-out/>
  <testcase classname="testng.TestAritmatika" name="testPenguranganAritmatika" time="0.004"/>
  <system-out/>
  <testcase classname="testng.TestAritmatika" name="testPenjumlahanAritmatika" time="0.002"/>
  <system-out/>
</testsuite> <!-- testng.TestAritmatika -->
