<?xml version="1.0" encoding="UTF-8"?>
<!-- Generated by org.testng.reporters.JUnitReportReporter -->
<testsuite hostname="DESKTOP-7EJ77M7" failures="0" tests="3" name="testng.TestGeometri" time="0.019" errors="0" timestamp="2022-09-03T08:02:53 WIB" skipped="0">
  <testcase classname="testng.TestGeometri" name="testSegitiga" time="0.003"/>
  <system-out/>
  <testcase classname="testng.TestGeometri" name="testPersegi" time="0.013"/>
  <system-out/>
  <testcase classname="testng.TestGeometri" name="testTrapesium" time="0.003"/>
  <system-out/>
</testsuite> <!-- testng.TestGeometri -->
